mode: set
github.com/zhekagigs/golang_todo/middleware/middleware.go:17.78,33.2 5 0
github.com/zhekagigs/golang_todo/middleware/middleware.go:39.53,40.43 1 0
github.com/zhekagigs/golang_todo/middleware/middleware.go:40.43,42.57 2 0
github.com/zhekagigs/golang_todo/middleware/middleware.go:42.57,44.4 1 0
github.com/zhekagigs/golang_todo/middleware/middleware.go:45.3,45.28 1 0
github.com/zhekagigs/golang_todo/middleware/middleware.go:46.8,48.3 1 0
github.com/zhekagigs/golang_todo/middleware/middleware.go:52.63,54.46 2 0
github.com/zhekagigs/golang_todo/middleware/middleware.go:54.46,56.3 1 0
github.com/zhekagigs/golang_todo/middleware/middleware.go:57.2,57.30 1 0
github.com/zhekagigs/golang_todo/middleware/middleware.go:60.61,61.54 1 0
github.com/zhekagigs/golang_todo/middleware/middleware.go:61.54,65.34 2 0
github.com/zhekagigs/golang_todo/middleware/middleware.go:65.34,70.4 3 0
github.com/zhekagigs/golang_todo/middleware/middleware.go:71.3,74.23 4 0
github.com/zhekagigs/golang_todo/middleware/middleware.go:78.72,80.2 1 0
github.com/zhekagigs/golang_todo/middleware/middleware.go:82.58,85.2 2 0
github.com/zhekagigs/golang_todo/users/users.go:24.52,30.39 3 0
github.com/zhekagigs/golang_todo/users/users.go:30.39,32.3 1 0
github.com/zhekagigs/golang_todo/users/users.go:33.2,33.19 1 0
github.com/zhekagigs/golang_todo/users/users.go:36.34,40.16 4 0
github.com/zhekagigs/golang_todo/users/users.go:40.16,42.3 1 0
github.com/zhekagigs/golang_todo/users/users.go:44.2,44.39 1 0
github.com/zhekagigs/golang_todo/users/users.go:47.34,50.16 2 0
github.com/zhekagigs/golang_todo/users/users.go:50.16,52.3 1 0
github.com/zhekagigs/golang_todo/users/users.go:54.2,54.41 1 0
github.com/zhekagigs/golang_todo/users/users.go:57.61,58.20 1 0
github.com/zhekagigs/golang_todo/users/users.go:58.20,60.3 1 0
github.com/zhekagigs/golang_todo/users/users.go:61.2,61.44 1 0
github.com/zhekagigs/golang_todo/users/users.go:61.44,63.3 1 0
github.com/zhekagigs/golang_todo/users/users.go:64.2,68.22 5 0
github.com/zhekagigs/golang_todo/users/users.go:71.59,74.2 2 0
github.com/zhekagigs/golang_todo/users/users.go:75.61,76.28 1 0
github.com/zhekagigs/golang_todo/users/users.go:76.28,77.34 1 0
github.com/zhekagigs/golang_todo/users/users.go:77.34,79.4 1 0
github.com/zhekagigs/golang_todo/users/users.go:81.2,81.22 1 0
github.com/zhekagigs/golang_todo/logger/logger.go:13.13,19.2 2 0
github.com/zhekagigs/golang_todo/cmd/main.go:19.13,21.2 1 0
github.com/zhekagigs/golang_todo/cmd/main.go:23.126,26.15 2 1
github.com/zhekagigs/golang_todo/cmd/main.go:26.15,28.3 1 0
github.com/zhekagigs/golang_todo/cmd/main.go:30.2,31.16 2 1
github.com/zhekagigs/golang_todo/cmd/main.go:31.16,33.3 1 0
github.com/zhekagigs/golang_todo/cmd/main.go:34.2,39.16 5 1
github.com/zhekagigs/golang_todo/cmd/main.go:39.16,42.3 2 0
github.com/zhekagigs/golang_todo/cmd/main.go:43.2,48.19 5 1
github.com/zhekagigs/golang_todo/cmd/main.go:51.160,72.71 16 1
github.com/zhekagigs/golang_todo/cmd/main.go:72.71,74.3 1 0
github.com/zhekagigs/golang_todo/logger/logger.go:13.13,19.2 2 1
github.com/zhekagigs/golang_todo/middleware/middleware.go:17.78,33.2 5 0
github.com/zhekagigs/golang_todo/middleware/middleware.go:39.53,40.43 1 0
github.com/zhekagigs/golang_todo/middleware/middleware.go:40.43,42.57 2 0
github.com/zhekagigs/golang_todo/middleware/middleware.go:42.57,44.4 1 0
github.com/zhekagigs/golang_todo/middleware/middleware.go:45.3,45.28 1 0
github.com/zhekagigs/golang_todo/middleware/middleware.go:46.8,48.3 1 0
github.com/zhekagigs/golang_todo/middleware/middleware.go:52.63,54.46 2 0
github.com/zhekagigs/golang_todo/middleware/middleware.go:54.46,56.3 1 0
github.com/zhekagigs/golang_todo/middleware/middleware.go:57.2,57.30 1 0
github.com/zhekagigs/golang_todo/middleware/middleware.go:60.61,61.54 1 1
github.com/zhekagigs/golang_todo/middleware/middleware.go:61.54,65.34 2 0
github.com/zhekagigs/golang_todo/middleware/middleware.go:65.34,70.4 3 0
github.com/zhekagigs/golang_todo/middleware/middleware.go:71.3,74.23 4 0
github.com/zhekagigs/golang_todo/middleware/middleware.go:78.72,80.2 1 0
github.com/zhekagigs/golang_todo/middleware/middleware.go:82.58,85.2 2 0
github.com/zhekagigs/golang_todo/users/users.go:24.52,30.39 3 1
github.com/zhekagigs/golang_todo/users/users.go:30.39,32.3 1 0
github.com/zhekagigs/golang_todo/users/users.go:33.2,33.19 1 1
github.com/zhekagigs/golang_todo/users/users.go:36.34,40.16 4 1
github.com/zhekagigs/golang_todo/users/users.go:40.16,42.3 1 1
github.com/zhekagigs/golang_todo/users/users.go:44.2,44.39 1 0
github.com/zhekagigs/golang_todo/users/users.go:47.34,50.16 2 0
github.com/zhekagigs/golang_todo/users/users.go:50.16,52.3 1 0
github.com/zhekagigs/golang_todo/users/users.go:54.2,54.41 1 0
github.com/zhekagigs/golang_todo/users/users.go:57.61,58.20 1 0
github.com/zhekagigs/golang_todo/users/users.go:58.20,60.3 1 0
github.com/zhekagigs/golang_todo/users/users.go:61.2,61.44 1 0
github.com/zhekagigs/golang_todo/users/users.go:61.44,63.3 1 0
github.com/zhekagigs/golang_todo/users/users.go:64.2,68.22 5 0
github.com/zhekagigs/golang_todo/users/users.go:71.59,74.2 2 0
github.com/zhekagigs/golang_todo/users/users.go:75.61,76.28 1 0
github.com/zhekagigs/golang_todo/users/users.go:76.28,77.34 1 0
github.com/zhekagigs/golang_todo/users/users.go:77.34,79.4 1 0
github.com/zhekagigs/golang_todo/users/users.go:81.2,81.22 1 0
github.com/zhekagigs/golang_todo/internal/task.go:29.47,31.2 1 0
github.com/zhekagigs/golang_todo/internal/task.go:35.46,37.2 1 0
github.com/zhekagigs/golang_todo/internal/task.go:43.47,45.2 1 0
github.com/zhekagigs/golang_todo/internal/task.go:56.40,58.2 1 1
github.com/zhekagigs/golang_todo/internal/task.go:70.102,71.17 1 1
github.com/zhekagigs/golang_todo/internal/task.go:71.17,73.3 1 1
github.com/zhekagigs/golang_todo/internal/task.go:74.2,82.3 1 1
github.com/zhekagigs/golang_todo/internal/task.go:96.32,104.2 1 0
github.com/zhekagigs/golang_todo/internal/task.go:106.47,107.29 1 0
github.com/zhekagigs/golang_todo/internal/task.go:107.29,109.3 1 0
github.com/zhekagigs/golang_todo/internal/task.go:112.56,113.43 1 1
github.com/zhekagigs/golang_todo/internal/task.go:113.43,115.3 1 1
github.com/zhekagigs/golang_todo/internal/task.go:117.2,118.16 2 1
github.com/zhekagigs/golang_todo/internal/task.go:118.16,120.3 1 1
github.com/zhekagigs/golang_todo/internal/task.go:122.2,123.16 2 1
github.com/zhekagigs/golang_todo/internal/task.go:123.16,125.3 1 0
github.com/zhekagigs/golang_todo/internal/task.go:126.2,126.12 1 1
github.com/zhekagigs/golang_todo/internal/task.go:129.57,130.51 1 1
github.com/zhekagigs/golang_todo/internal/task.go:130.51,132.3 1 1
github.com/zhekagigs/golang_todo/internal/task.go:134.2,135.16 2 1
github.com/zhekagigs/golang_todo/internal/task.go:135.16,137.3 1 1
github.com/zhekagigs/golang_todo/internal/task.go:139.2,139.29 1 1
github.com/zhekagigs/golang_todo/internal/task.go:142.50,144.53 2 1
github.com/zhekagigs/golang_todo/internal/task.go:144.53,146.3 1 0
github.com/zhekagigs/golang_todo/internal/task.go:147.2,147.19 1 1
github.com/zhekagigs/golang_todo/internal/task.go:150.48,152.52 2 0
github.com/zhekagigs/golang_todo/internal/task.go:152.52,154.3 1 0
github.com/zhekagigs/golang_todo/internal/task.go:155.2,155.19 1 0
github.com/zhekagigs/golang_todo/internal/task.go:158.46,160.20 2 1
github.com/zhekagigs/golang_todo/internal/task.go:160.20,162.3 1 1
github.com/zhekagigs/golang_todo/internal/task.go:163.2,163.12 1 1
github.com/zhekagigs/golang_todo/internal/taskHolder.go:28.50,30.44 2 0
github.com/zhekagigs/golang_todo/internal/taskHolder.go:30.44,31.13 1 0
github.com/zhekagigs/golang_todo/internal/taskHolder.go:33.2,38.3 1 0
github.com/zhekagigs/golang_todo/internal/taskHolder.go:45.61,46.20 1 0
github.com/zhekagigs/golang_todo/internal/taskHolder.go:46.20,48.3 1 0
github.com/zhekagigs/golang_todo/internal/taskHolder.go:48.8,50.3 1 0
github.com/zhekagigs/golang_todo/internal/taskHolder.go:53.53,55.17 2 0
github.com/zhekagigs/golang_todo/internal/taskHolder.go:55.17,58.3 2 0
github.com/zhekagigs/golang_todo/internal/taskHolder.go:59.2,60.16 2 0
github.com/zhekagigs/golang_todo/internal/taskHolder.go:60.16,62.3 1 0
github.com/zhekagigs/golang_todo/internal/taskHolder.go:63.2,64.12 2 0
github.com/zhekagigs/golang_todo/internal/taskHolder.go:67.53,68.22 1 0
github.com/zhekagigs/golang_todo/internal/taskHolder.go:68.22,70.3 1 0
github.com/zhekagigs/golang_todo/internal/taskHolder.go:71.2,71.71 1 0
github.com/zhekagigs/golang_todo/internal/taskHolder.go:74.42,76.2 1 0
github.com/zhekagigs/golang_todo/internal/taskHolder.go:96.49,98.2 1 1
github.com/zhekagigs/golang_todo/internal/taskHolder.go:100.36,102.2 1 1
github.com/zhekagigs/golang_todo/internal/taskHolder.go:105.41,107.2 1 0
github.com/zhekagigs/golang_todo/internal/taskHolder.go:109.37,118.2 4 1
github.com/zhekagigs/golang_todo/internal/taskHolder.go:120.60,126.23 5 1
github.com/zhekagigs/golang_todo/internal/taskHolder.go:126.23,128.3 1 1
github.com/zhekagigs/golang_todo/internal/taskHolder.go:130.2,131.28 2 1
github.com/zhekagigs/golang_todo/internal/taskHolder.go:131.28,133.3 1 1
github.com/zhekagigs/golang_todo/internal/taskHolder.go:135.2,136.29 2 1
github.com/zhekagigs/golang_todo/internal/taskHolder.go:136.29,138.3 1 1
github.com/zhekagigs/golang_todo/internal/taskHolder.go:140.2,142.14 3 1
github.com/zhekagigs/golang_todo/internal/taskHolder.go:145.62,147.25 1 1
github.com/zhekagigs/golang_todo/internal/taskHolder.go:147.25,148.30 1 1
github.com/zhekagigs/golang_todo/internal/taskHolder.go:148.30,150.4 1 1
github.com/zhekagigs/golang_todo/internal/taskHolder.go:152.2,152.25 1 1
github.com/zhekagigs/golang_todo/internal/taskHolder.go:155.80,159.16 4 1
github.com/zhekagigs/golang_todo/internal/taskHolder.go:159.16,161.3 1 1
github.com/zhekagigs/golang_todo/internal/taskHolder.go:163.2,163.24 1 1
github.com/zhekagigs/golang_todo/internal/taskHolder.go:163.24,165.3 1 1
github.com/zhekagigs/golang_todo/internal/taskHolder.go:167.2,167.23 1 1
github.com/zhekagigs/golang_todo/internal/taskHolder.go:167.23,168.28 1 1
github.com/zhekagigs/golang_todo/internal/taskHolder.go:168.28,170.4 1 1
github.com/zhekagigs/golang_todo/internal/taskHolder.go:171.3,171.25 1 1
github.com/zhekagigs/golang_todo/internal/taskHolder.go:174.2,174.28 1 1
github.com/zhekagigs/golang_todo/internal/taskHolder.go:174.28,175.45 1 1
github.com/zhekagigs/golang_todo/internal/taskHolder.go:175.45,177.4 1 1
github.com/zhekagigs/golang_todo/internal/taskHolder.go:178.3,178.35 1 1
github.com/zhekagigs/golang_todo/internal/taskHolder.go:181.2,181.29 1 1
github.com/zhekagigs/golang_todo/internal/taskHolder.go:181.29,182.47 1 1
github.com/zhekagigs/golang_todo/internal/taskHolder.go:182.47,184.4 1 1
github.com/zhekagigs/golang_todo/internal/taskHolder.go:185.3,185.43 1 1
github.com/zhekagigs/golang_todo/internal/taskHolder.go:188.2,188.12 1 1
github.com/zhekagigs/golang_todo/internal/taskHolder.go:191.51,196.31 5 1
github.com/zhekagigs/golang_todo/internal/taskHolder.go:196.31,197.24 1 1
github.com/zhekagigs/golang_todo/internal/taskHolder.go:197.24,200.4 1 1
github.com/zhekagigs/golang_todo/internal/taskHolder.go:201.3,201.22 1 1
github.com/zhekagigs/golang_todo/internal/taskHolder.go:201.22,203.4 1 1
github.com/zhekagigs/golang_todo/internal/taskHolder.go:206.2,206.17 1 1
github.com/zhekagigs/golang_todo/internal/taskHolder.go:206.17,208.3 1 1
github.com/zhekagigs/golang_todo/internal/taskHolder.go:211.2,213.12 2 1
github.com/zhekagigs/golang_todo/internal/taskHolder.go:216.68,218.31 2 0
github.com/zhekagigs/golang_todo/internal/taskHolder.go:218.31,219.39 1 0
github.com/zhekagigs/golang_todo/internal/taskHolder.go:219.39,221.4 1 0
github.com/zhekagigs/golang_todo/internal/taskHolder.go:223.2,223.21 1 0
github.com/zhekagigs/golang_todo/internal/taskHolder.go:226.54,228.2 1 1
github.com/zhekagigs/golang_todo/internal/taskService.go:10.69,24.2 6 0
github.com/zhekagigs/golang_todo/internal/taskService.go:26.44,30.2 1 0
github.com/zhekagigs/golang_todo/internal/taskService.go:32.69,37.2 1 0
github.com/zhekagigs/golang_todo/internal/taskService.go:39.48,41.2 1 0
github.com/zhekagigs/golang_todo/internal/taskService.go:43.73,45.2 1 0
github.com/zhekagigs/golang_todo/internal/taskService.go:47.91,49.2 1 0
github.com/zhekagigs/golang_todo/internal/taskService.go:51.62,53.2 1 0
github.com/zhekagigs/golang_todo/internal/taskService.go:56.52,58.2 1 0
github.com/zhekagigs/golang_todo/internal/taskService.go:60.47,62.2 1 0
github.com/zhekagigs/golang_todo/internal/testutils.go:16.36,18.16 2 1
github.com/zhekagigs/golang_todo/internal/testutils.go:18.16,19.13 1 0
github.com/zhekagigs/golang_todo/internal/testutils.go:21.2,21.19 1 1
github.com/zhekagigs/golang_todo/internal/testutils.go:24.56,26.19 2 1
github.com/zhekagigs/golang_todo/internal/testutils.go:26.19,28.3 1 1
github.com/zhekagigs/golang_todo/internal/testutils.go:29.2,29.26 1 1
github.com/zhekagigs/golang_todo/internal/testutils.go:29.26,31.3 1 1
github.com/zhekagigs/golang_todo/internal/testutils.go:34.36,36.2 1 1
github.com/zhekagigs/golang_todo/internal/testutils.go:38.37,40.2 1 1
github.com/zhekagigs/golang_todo/internal/testutils.go:42.38,54.2 4 1
github.com/zhekagigs/golang_todo/internal/testutils.go:56.57,67.2 4 1
github.com/zhekagigs/golang_todo/internal/testutils.go:68.53,80.2 4 1
github.com/zhekagigs/golang_todo/internal/testutils.go:82.44,87.2 4 1
github.com/zhekagigs/golang_todo/internal/testutils.go:89.59,91.29 2 0
github.com/zhekagigs/golang_todo/internal/testutils.go:91.29,94.3 2 0
github.com/zhekagigs/golang_todo/internal/testutils.go:98.52,101.2 2 1
github.com/zhekagigs/golang_todo/internal/testutils.go:104.50,107.2 2 1
github.com/zhekagigs/golang_todo/internal/testutils.go:110.74,115.2 4 1
github.com/zhekagigs/golang_todo/internal/testutils.go:118.72,123.2 4 1
github.com/zhekagigs/golang_todo/internal/utils.go:17.23,18.16 1 1
github.com/zhekagigs/golang_todo/internal/utils.go:18.16,19.13 1 1
github.com/zhekagigs/golang_todo/internal/utils.go:23.41,25.2 1 1
github.com/zhekagigs/golang_todo/internal/utils.go:27.44,37.29 9 1
github.com/zhekagigs/golang_todo/internal/utils.go:37.29,41.12 4 1
github.com/zhekagigs/golang_todo/internal/utils.go:42.10,47.22 5 1
github.com/zhekagigs/golang_todo/internal/utils.go:48.10,50.25 2 1
github.com/zhekagigs/golang_todo/internal/utils.go:50.25,52.5 1 1
github.com/zhekagigs/golang_todo/internal/utils.go:53.4,56.25 4 1
github.com/zhekagigs/golang_todo/internal/utils.go:56.25,58.5 1 0
github.com/zhekagigs/golang_todo/internal/utils.go:59.4,60.22 2 1
github.com/zhekagigs/golang_todo/internal/utils.go:61.10,63.24 2 1
github.com/zhekagigs/golang_todo/internal/utils.go:64.10,66.24 2 0
github.com/zhekagigs/golang_todo/internal/utils.go:67.10,69.22 2 1
github.com/zhekagigs/golang_todo/internal/utils.go:72.3,74.21 3 1
github.com/zhekagigs/golang_todo/internal/utils.go:76.2,76.14 1 1
github.com/zhekagigs/golang_todo/internal/utils.go:79.25,81.16 2 1
github.com/zhekagigs/golang_todo/internal/utils.go:81.16,84.3 2 0
github.com/zhekagigs/golang_todo/internal/utils.go:85.2,85.21 1 1
github.com/zhekagigs/golang_todo/internal/utils.go:88.34,89.13 1 1
github.com/zhekagigs/golang_todo/internal/utils.go:89.13,91.3 1 0
github.com/zhekagigs/golang_todo/internal/utils.go:92.2,92.11 1 1
github.com/zhekagigs/golang_todo/internal/utils.go:95.48,97.2 1 1
github.com/zhekagigs/golang_todo/internal/utils.go:99.39,101.2 1 1
github.com/zhekagigs/golang_todo/internal/utils.go:103.28,105.2 1 0
github.com/zhekagigs/golang_todo/internal/workepool.go:34.26,35.6 1 0
github.com/zhekagigs/golang_todo/internal/workepool.go:35.6,36.10 1 0
github.com/zhekagigs/golang_todo/internal/workepool.go:37.31,38.11 1 0
github.com/zhekagigs/golang_todo/internal/workepool.go:38.11,40.5 1 0
github.com/zhekagigs/golang_todo/internal/workepool.go:41.4,42.22 2 0
github.com/zhekagigs/golang_todo/internal/workepool.go:43.17,44.10 1 0
github.com/zhekagigs/golang_todo/internal/workepool.go:49.25,51.2 1 0
github.com/zhekagigs/golang_todo/internal/workepool.go:53.61,54.23 1 0
github.com/zhekagigs/golang_todo/internal/workepool.go:55.16,58.32 2 0
github.com/zhekagigs/golang_todo/internal/workepool.go:59.10,60.79 1 0
github.com/zhekagigs/golang_todo/internal/workepool.go:64.136,67.34 2 0
github.com/zhekagigs/golang_todo/internal/workepool.go:67.34,75.3 1 0
github.com/zhekagigs/golang_todo/internal/workepool.go:76.2,78.3 1 0
github.com/zhekagigs/golang_todo/internal/workepool.go:81.31,82.28 1 0
github.com/zhekagigs/golang_todo/internal/workepool.go:82.28,84.3 1 0
github.com/zhekagigs/golang_todo/internal/workepool.go:87.31,88.36 1 0
github.com/zhekagigs/golang_todo/internal/workepool.go:88.36,90.3 1 0
github.com/zhekagigs/golang_todo/users/users.go:24.52,30.39 3 0
github.com/zhekagigs/golang_todo/users/users.go:30.39,32.3 1 0
github.com/zhekagigs/golang_todo/users/users.go:33.2,33.19 1 0
github.com/zhekagigs/golang_todo/users/users.go:36.34,40.16 4 0
github.com/zhekagigs/golang_todo/users/users.go:40.16,42.3 1 0
github.com/zhekagigs/golang_todo/users/users.go:44.2,44.39 1 0
github.com/zhekagigs/golang_todo/users/users.go:47.34,50.16 2 0
github.com/zhekagigs/golang_todo/users/users.go:50.16,52.3 1 0
github.com/zhekagigs/golang_todo/users/users.go:54.2,54.41 1 0
github.com/zhekagigs/golang_todo/users/users.go:57.61,58.20 1 0
github.com/zhekagigs/golang_todo/users/users.go:58.20,60.3 1 0
github.com/zhekagigs/golang_todo/users/users.go:61.2,61.44 1 0
github.com/zhekagigs/golang_todo/users/users.go:61.44,63.3 1 0
github.com/zhekagigs/golang_todo/users/users.go:64.2,68.22 5 0
github.com/zhekagigs/golang_todo/users/users.go:71.59,74.2 2 0
github.com/zhekagigs/golang_todo/users/users.go:75.61,76.28 1 0
github.com/zhekagigs/golang_todo/users/users.go:76.28,77.34 1 0
github.com/zhekagigs/golang_todo/users/users.go:77.34,79.4 1 0
github.com/zhekagigs/golang_todo/users/users.go:81.2,81.22 1 0
github.com/zhekagigs/golang_todo/cli/cli.go:41.75,43.6 2 1
github.com/zhekagigs/golang_todo/cli/cli.go:43.6,46.17 3 1
github.com/zhekagigs/golang_todo/cli/cli.go:46.17,48.12 2 0
github.com/zhekagigs/golang_todo/cli/cli.go:51.3,51.88 1 1
github.com/zhekagigs/golang_todo/cli/cli.go:51.88,53.4 1 1
github.com/zhekagigs/golang_todo/cli/cli.go:57.115,59.12 2 1
github.com/zhekagigs/golang_todo/cli/cli.go:59.12,61.3 1 1
github.com/zhekagigs/golang_todo/cli/cli.go:62.2,65.16 3 1
github.com/zhekagigs/golang_todo/cli/cli.go:65.16,68.3 2 0
github.com/zhekagigs/golang_todo/cli/cli.go:69.2,69.43 1 1
github.com/zhekagigs/golang_todo/cli/cli.go:72.42,76.2 3 1
github.com/zhekagigs/golang_todo/cli/cli.go:78.140,79.20 1 1
github.com/zhekagigs/golang_todo/cli/cli.go:79.20,81.3 1 0
github.com/zhekagigs/golang_todo/cli/cli.go:82.2,84.34 2 1
github.com/zhekagigs/golang_todo/cli/cli.go:84.34,89.3 1 1
github.com/zhekagigs/golang_todo/cli/cli.go:90.2,90.24 1 1
github.com/zhekagigs/golang_todo/cli/cli.go:93.101,100.15 4 1
github.com/zhekagigs/golang_todo/cli/cli.go:100.15,103.3 2 1
github.com/zhekagigs/golang_todo/cli/cli.go:105.2,105.21 1 1
github.com/zhekagigs/golang_todo/cli/cli.go:105.21,109.3 3 1
github.com/zhekagigs/golang_todo/cli/cli.go:111.2,113.16 3 1
github.com/zhekagigs/golang_todo/cli/cli.go:113.16,114.10 1 1
github.com/zhekagigs/golang_todo/cli/cli.go:115.39,116.41 1 0
github.com/zhekagigs/golang_todo/cli/cli.go:117.11,118.58 1 1
github.com/zhekagigs/golang_todo/cli/cli.go:120.3,121.44 2 1
github.com/zhekagigs/golang_todo/cli/cli.go:123.2,123.60 1 1
github.com/zhekagigs/golang_todo/cli/cli.go:126.18,133.2 6 1
github.com/zhekagigs/golang_todo/cli/cli.go:135.24,138.2 2 1
github.com/zhekagigs/golang_todo/cli/cli.go:140.71,143.21 3 1
github.com/zhekagigs/golang_todo/cli/cli.go:143.21,145.3 1 1
github.com/zhekagigs/golang_todo/cli/cli.go:147.2,153.71 5 1
github.com/zhekagigs/golang_todo/cli/cli.go:153.71,155.17 2 1
github.com/zhekagigs/golang_todo/cli/cli.go:155.17,157.4 1 1
github.com/zhekagigs/golang_todo/cli/cli.go:158.3,158.32 1 1
github.com/zhekagigs/golang_todo/cli/cli.go:159.8,159.46 1 1
github.com/zhekagigs/golang_todo/cli/cli.go:159.46,161.3 1 0
github.com/zhekagigs/golang_todo/cli/cli.go:163.2,163.31 1 1
github.com/zhekagigs/golang_todo/cli/cli.go:166.112,168.13 2 1
github.com/zhekagigs/golang_todo/cli/cli.go:169.12,170.30 1 1
github.com/zhekagigs/golang_todo/cli/cli.go:171.12,172.41 1 0
github.com/zhekagigs/golang_todo/cli/cli.go:173.14,174.43 1 0
github.com/zhekagigs/golang_todo/cli/cli.go:175.14,176.39 1 1
github.com/zhekagigs/golang_todo/cli/cli.go:177.14,178.47 1 1
github.com/zhekagigs/golang_todo/cli/cli.go:179.14,180.39 1 1
github.com/zhekagigs/golang_todo/cli/cli.go:181.12,182.29 1 1
github.com/zhekagigs/golang_todo/cli/cli.go:183.10,184.52 1 1
github.com/zhekagigs/golang_todo/cli/cli.go:187.2,187.16 1 1
github.com/zhekagigs/golang_todo/cli/cli.go:187.16,189.3 1 1
github.com/zhekagigs/golang_todo/cli/cli.go:191.2,191.11 1 1
github.com/zhekagigs/golang_todo/cli/cli.go:194.69,196.16 2 0
github.com/zhekagigs/golang_todo/cli/cli.go:196.16,198.3 1 0
github.com/zhekagigs/golang_todo/cli/cli.go:200.2,202.12 3 0
github.com/zhekagigs/golang_todo/cli/cli.go:205.64,208.16 2 0
github.com/zhekagigs/golang_todo/cli/cli.go:208.16,210.3 1 0
github.com/zhekagigs/golang_todo/cli/cli.go:211.2,212.12 2 0
github.com/zhekagigs/golang_todo/cli/cli.go:215.45,218.16 3 1
github.com/zhekagigs/golang_todo/cli/cli.go:218.16,219.13 1 0
github.com/zhekagigs/golang_todo/cli/cli.go:221.2,221.10 1 1
github.com/zhekagigs/golang_todo/cli/cli.go:224.62,226.16 2 1
github.com/zhekagigs/golang_todo/cli/cli.go:226.16,228.3 1 1
github.com/zhekagigs/golang_todo/cli/cli.go:229.2,229.12 1 1
github.com/zhekagigs/golang_todo/cli/cli.go:232.84,245.44 9 1
github.com/zhekagigs/golang_todo/cli/cli.go:245.44,246.64 1 0
github.com/zhekagigs/golang_todo/cli/cli.go:246.64,248.4 1 0
github.com/zhekagigs/golang_todo/cli/cli.go:248.9,250.4 1 0
github.com/zhekagigs/golang_todo/cli/cli.go:254.2,265.16 11 1
github.com/zhekagigs/golang_todo/cli/cli.go:265.16,267.3 1 0
github.com/zhekagigs/golang_todo/cli/cli.go:268.2,268.26 1 1
github.com/zhekagigs/golang_todo/cli/cli.go:268.26,269.132 1 1
github.com/zhekagigs/golang_todo/cli/cli.go:269.132,272.4 2 0
github.com/zhekagigs/golang_todo/cli/cli.go:272.9,274.4 1 1
github.com/zhekagigs/golang_todo/cli/cli.go:278.2,281.66 4 0
github.com/zhekagigs/golang_todo/cli/cli.go:281.66,285.97 4 0
github.com/zhekagigs/golang_todo/cli/cli.go:285.97,287.4 1 0
github.com/zhekagigs/golang_todo/cli/cli.go:287.9,289.4 1 0
github.com/zhekagigs/golang_todo/cli/cli.go:291.2,292.16 2 0
github.com/zhekagigs/golang_todo/cli/cli.go:292.16,293.34 1 0
github.com/zhekagigs/golang_todo/cli/cli.go:293.34,296.4 2 0
github.com/zhekagigs/golang_todo/cli/cli.go:299.2,307.16 3 0
github.com/zhekagigs/golang_todo/cli/cli.go:307.16,310.3 2 0
github.com/zhekagigs/golang_todo/cli/cli.go:310.8,312.3 1 0
github.com/zhekagigs/golang_todo/cli/cli.go:313.2,313.12 1 0
github.com/zhekagigs/golang_todo/cli/cli.go:316.72,328.16 10 1
github.com/zhekagigs/golang_todo/cli/cli.go:328.16,330.3 1 0
github.com/zhekagigs/golang_todo/cli/cli.go:332.2,337.16 4 1
github.com/zhekagigs/golang_todo/cli/cli.go:337.16,339.3 1 0
github.com/zhekagigs/golang_todo/cli/cli.go:340.2,343.16 4 1
github.com/zhekagigs/golang_todo/cli/cli.go:343.16,345.3 1 1
github.com/zhekagigs/golang_todo/cli/cli.go:346.2,354.12 3 1
github.com/zhekagigs/golang_todo/cli/cli.go:357.49,359.25 2 1
github.com/zhekagigs/golang_todo/cli/cli.go:359.25,362.3 2 1
github.com/zhekagigs/golang_todo/cli/cli.go:364.2,366.12 3 1
github.com/zhekagigs/golang_todo/users/users.go:24.52,30.39 3 0
github.com/zhekagigs/golang_todo/users/users.go:30.39,32.3 1 0
github.com/zhekagigs/golang_todo/users/users.go:33.2,33.19 1 0
github.com/zhekagigs/golang_todo/users/users.go:36.34,40.16 4 0
github.com/zhekagigs/golang_todo/users/users.go:40.16,42.3 1 0
github.com/zhekagigs/golang_todo/users/users.go:44.2,44.39 1 0
github.com/zhekagigs/golang_todo/users/users.go:47.34,50.16 2 0
github.com/zhekagigs/golang_todo/users/users.go:50.16,52.3 1 0
github.com/zhekagigs/golang_todo/users/users.go:54.2,54.41 1 0
github.com/zhekagigs/golang_todo/users/users.go:57.61,58.20 1 0
github.com/zhekagigs/golang_todo/users/users.go:58.20,60.3 1 0
github.com/zhekagigs/golang_todo/users/users.go:61.2,61.44 1 0
github.com/zhekagigs/golang_todo/users/users.go:61.44,63.3 1 0
github.com/zhekagigs/golang_todo/users/users.go:64.2,68.22 5 0
github.com/zhekagigs/golang_todo/users/users.go:71.59,74.2 2 0
github.com/zhekagigs/golang_todo/users/users.go:75.61,76.28 1 0
github.com/zhekagigs/golang_todo/users/users.go:76.28,77.34 1 0
github.com/zhekagigs/golang_todo/users/users.go:77.34,79.4 1 0
github.com/zhekagigs/golang_todo/users/users.go:81.2,81.22 1 0
github.com/zhekagigs/golang_todo/logger/logger.go:13.13,19.2 2 1
github.com/zhekagigs/golang_todo/users/users.go:24.52,30.39 3 0
github.com/zhekagigs/golang_todo/users/users.go:30.39,32.3 1 0
github.com/zhekagigs/golang_todo/users/users.go:33.2,33.19 1 0
github.com/zhekagigs/golang_todo/users/users.go:36.34,40.16 4 0
github.com/zhekagigs/golang_todo/users/users.go:40.16,42.3 1 0
github.com/zhekagigs/golang_todo/users/users.go:44.2,44.39 1 0
github.com/zhekagigs/golang_todo/users/users.go:47.34,50.16 2 0
github.com/zhekagigs/golang_todo/users/users.go:50.16,52.3 1 0
github.com/zhekagigs/golang_todo/users/users.go:54.2,54.41 1 0
github.com/zhekagigs/golang_todo/users/users.go:57.61,58.20 1 0
github.com/zhekagigs/golang_todo/users/users.go:58.20,60.3 1 0
github.com/zhekagigs/golang_todo/users/users.go:61.2,61.44 1 0
github.com/zhekagigs/golang_todo/users/users.go:61.44,63.3 1 0
github.com/zhekagigs/golang_todo/users/users.go:64.2,68.22 5 0
github.com/zhekagigs/golang_todo/users/users.go:71.59,74.2 2 0
github.com/zhekagigs/golang_todo/users/users.go:75.61,76.28 1 0
github.com/zhekagigs/golang_todo/users/users.go:76.28,77.34 1 0
github.com/zhekagigs/golang_todo/users/users.go:77.34,79.4 1 0
github.com/zhekagigs/golang_todo/users/users.go:81.2,81.22 1 0
github.com/zhekagigs/golang_todo/view/view.go:36.38,37.16 1 1
github.com/zhekagigs/golang_todo/view/view.go:37.16,39.3 1 1
github.com/zhekagigs/golang_todo/view/view.go:40.2,40.12 1 1
github.com/zhekagigs/golang_todo/view/view.go:43.43,45.42 1 1
github.com/zhekagigs/golang_todo/view/view.go:45.42,47.4 1 1
github.com/zhekagigs/golang_todo/view/view.go:51.2,52.16 2 1
github.com/zhekagigs/golang_todo/view/view.go:52.16,54.3 1 0
github.com/zhekagigs/golang_todo/view/view.go:56.2,56.44 1 1
github.com/zhekagigs/golang_todo/view/view.go:59.91,67.2 4 1
github.com/zhekagigs/golang_todo/view/view.go:69.70,72.2 2 1
github.com/zhekagigs/golang_todo/view/view.go:74.91,83.2 4 1
github.com/zhekagigs/golang_todo/controller/api.go:26.80,28.2 1 0
github.com/zhekagigs/golang_todo/controller/api.go:30.102,35.2 1 1
github.com/zhekagigs/golang_todo/controller/api.go:37.76,42.23 3 0
github.com/zhekagigs/golang_todo/controller/api.go:42.23,44.3 1 0
github.com/zhekagigs/golang_todo/controller/api.go:45.2,47.20 3 0
github.com/zhekagigs/golang_todo/controller/api.go:50.76,52.89 2 0
github.com/zhekagigs/golang_todo/controller/api.go:52.89,54.3 1 0
github.com/zhekagigs/golang_todo/controller/api.go:55.2,56.80 2 0
github.com/zhekagigs/golang_todo/controller/api.go:56.80,58.3 1 0
github.com/zhekagigs/golang_todo/controller/api.go:60.2,61.23 2 0
github.com/zhekagigs/golang_todo/controller/api.go:61.23,63.3 1 0
github.com/zhekagigs/golang_todo/controller/api.go:64.2,66.19 3 0
github.com/zhekagigs/golang_todo/controller/api.go:69.75,72.9 3 1
github.com/zhekagigs/golang_todo/controller/api.go:72.9,76.3 2 0
github.com/zhekagigs/golang_todo/controller/api.go:77.2,78.9 2 1
github.com/zhekagigs/golang_todo/controller/api.go:78.9,82.3 2 0
github.com/zhekagigs/golang_todo/controller/api.go:83.2,87.79 4 1
github.com/zhekagigs/golang_todo/controller/api.go:87.79,89.3 1 0
github.com/zhekagigs/golang_todo/controller/api.go:91.2,93.16 3 1
github.com/zhekagigs/golang_todo/controller/api.go:93.16,96.3 2 0
github.com/zhekagigs/golang_todo/controller/api.go:98.2,100.21 3 1
github.com/zhekagigs/golang_todo/controller/api.go:103.75,106.79 3 0
github.com/zhekagigs/golang_todo/controller/api.go:106.79,108.3 1 0
github.com/zhekagigs/golang_todo/controller/api.go:109.2,110.72 2 0
github.com/zhekagigs/golang_todo/controller/api.go:110.72,112.3 1 0
github.com/zhekagigs/golang_todo/controller/api.go:113.2,115.16 3 0
github.com/zhekagigs/golang_todo/controller/api.go:115.16,118.3 2 0
github.com/zhekagigs/golang_todo/controller/api.go:120.2,122.21 3 0
github.com/zhekagigs/golang_todo/controller/api.go:125.75,127.80 2 0
github.com/zhekagigs/golang_todo/controller/api.go:127.80,129.3 1 0
github.com/zhekagigs/golang_todo/controller/api.go:131.2,132.72 2 0
github.com/zhekagigs/golang_todo/controller/api.go:132.72,134.3 1 0
github.com/zhekagigs/golang_todo/controller/api.go:135.2,135.32 1 0
github.com/zhekagigs/golang_todo/controller/api.go:138.55,140.2 1 0
github.com/zhekagigs/golang_todo/controller/api.go:142.54,144.21 2 0
github.com/zhekagigs/golang_todo/controller/api.go:144.21,146.3 1 0
github.com/zhekagigs/golang_todo/controller/api.go:147.2,147.32 1 0
github.com/zhekagigs/golang_todo/controller/auth.go:15.62,17.2 1 0
github.com/zhekagigs/golang_todo/controller/auth.go:23.77,27.79 3 0
github.com/zhekagigs/golang_todo/controller/auth.go:27.79,29.3 1 0
github.com/zhekagigs/golang_todo/controller/auth.go:30.2,34.12 4 0
github.com/zhekagigs/golang_todo/controller/auth.go:34.12,38.67 4 0
github.com/zhekagigs/golang_todo/controller/auth.go:38.67,40.4 1 0
github.com/zhekagigs/golang_todo/controller/auth.go:41.3,42.30 2 0
github.com/zhekagigs/golang_todo/controller/auth.go:43.8,46.3 2 0
github.com/zhekagigs/golang_todo/controller/auth.go:47.2,68.77 6 0
github.com/zhekagigs/golang_todo/controller/auth.go:71.77,72.33 1 0
github.com/zhekagigs/golang_todo/controller/auth.go:72.33,75.3 2 0
github.com/zhekagigs/golang_todo/controller/auth.go:78.2,101.78 5 0
github.com/zhekagigs/golang_todo/controller/serv.go:17.82,20.2 1 0
github.com/zhekagigs/golang_todo/controller/serv.go:22.62,25.2 1 0
github.com/zhekagigs/golang_todo/controller/task_handler.go:19.85,20.16 1 1
github.com/zhekagigs/golang_todo/controller/task_handler.go:20.16,21.34 1 0
github.com/zhekagigs/golang_todo/controller/task_handler.go:21.34,24.4 2 0
github.com/zhekagigs/golang_todo/controller/task_handler.go:24.9,26.21 2 0
github.com/zhekagigs/golang_todo/controller/task_handler.go:26.21,28.5 1 0
github.com/zhekagigs/golang_todo/controller/task_handler.go:29.4,29.34 1 0
github.com/zhekagigs/golang_todo/controller/task_handler.go:32.3,32.14 1 0
github.com/zhekagigs/golang_todo/controller/task_handler.go:34.2,34.14 1 1
github.com/zhekagigs/golang_todo/controller/task_handler.go:37.55,39.21 2 1
github.com/zhekagigs/golang_todo/controller/task_handler.go:39.21,41.3 1 0
github.com/zhekagigs/golang_todo/controller/task_handler.go:42.2,42.32 1 1
github.com/zhekagigs/golang_todo/controller/task_handler.go:45.109,47.2 1 1
github.com/zhekagigs/golang_todo/controller/task_handler.go:49.88,50.32 1 1
github.com/zhekagigs/golang_todo/controller/task_handler.go:50.32,53.3 2 0
github.com/zhekagigs/golang_todo/controller/task_handler.go:55.2,58.61 3 1
github.com/zhekagigs/golang_todo/controller/task_handler.go:58.61,60.3 1 0
github.com/zhekagigs/golang_todo/controller/task_handler.go:63.86,67.2 3 1
github.com/zhekagigs/golang_todo/controller/task_handler.go:69.86,73.67 2 1
github.com/zhekagigs/golang_todo/controller/task_handler.go:73.67,75.3 1 0
github.com/zhekagigs/golang_todo/controller/task_handler.go:76.2,76.18 1 1
github.com/zhekagigs/golang_todo/controller/task_handler.go:77.22,78.35 1 1
github.com/zhekagigs/golang_todo/controller/task_handler.go:79.23,80.39 1 1
github.com/zhekagigs/golang_todo/controller/task_handler.go:81.10,82.67 1 0
github.com/zhekagigs/golang_todo/controller/task_handler.go:86.84,88.64 2 1
github.com/zhekagigs/golang_todo/controller/task_handler.go:88.64,90.3 1 0
github.com/zhekagigs/golang_todo/controller/task_handler.go:92.2,93.84 2 1
github.com/zhekagigs/golang_todo/controller/task_handler.go:96.102,98.69 2 1
github.com/zhekagigs/golang_todo/controller/task_handler.go:98.69,100.3 1 0
github.com/zhekagigs/golang_todo/controller/task_handler.go:103.2,104.82 2 1
github.com/zhekagigs/golang_todo/controller/task_handler.go:104.82,106.3 1 0
github.com/zhekagigs/golang_todo/controller/task_handler.go:109.2,109.52 1 1
github.com/zhekagigs/golang_todo/controller/task_handler.go:112.86,114.35 1 1
github.com/zhekagigs/golang_todo/controller/task_handler.go:114.35,118.3 3 0
github.com/zhekagigs/golang_todo/controller/task_handler.go:119.2,121.77 3 1
github.com/zhekagigs/golang_todo/controller/task_handler.go:121.77,123.3 1 0
github.com/zhekagigs/golang_todo/controller/task_handler.go:126.2,126.30 1 1
github.com/zhekagigs/golang_todo/controller/task_handler.go:129.73,133.40 2 1
github.com/zhekagigs/golang_todo/controller/task_handler.go:133.40,134.17 1 0
github.com/zhekagigs/golang_todo/controller/task_handler.go:134.17,137.4 2 0
github.com/zhekagigs/golang_todo/controller/task_handler.go:139.2,139.42 1 1
github.com/zhekagigs/golang_todo/controller/task_handler.go:139.42,140.17 1 1
github.com/zhekagigs/golang_todo/controller/task_handler.go:140.17,142.4 1 0
github.com/zhekagigs/golang_todo/controller/task_handler.go:144.2,151.22 6 1
github.com/zhekagigs/golang_todo/controller/task_handler.go:151.22,155.3 3 1
github.com/zhekagigs/golang_todo/controller/task_handler.go:155.8,157.3 1 0
github.com/zhekagigs/golang_todo/controller/task_handler.go:159.2,161.21 3 1
github.com/zhekagigs/golang_todo/controller/task_handler.go:161.21,165.3 3 1
github.com/zhekagigs/golang_todo/controller/task_handler.go:165.8,167.3 1 1
github.com/zhekagigs/golang_todo/controller/task_handler.go:169.2,169.19 1 1
github.com/zhekagigs/golang_todo/controller/task_handler.go:169.19,172.3 2 0
github.com/zhekagigs/golang_todo/controller/task_handler.go:173.2,179.20 2 1
github.com/zhekagigs/golang_todo/logger/logger.go:13.13,19.2 2 1
github.com/zhekagigs/golang_todo/middleware/middleware.go:17.78,33.2 5 0
github.com/zhekagigs/golang_todo/middleware/middleware.go:39.53,40.43 1 1
github.com/zhekagigs/golang_todo/middleware/middleware.go:40.43,42.57 2 1
github.com/zhekagigs/golang_todo/middleware/middleware.go:42.57,44.4 1 0
github.com/zhekagigs/golang_todo/middleware/middleware.go:45.3,45.28 1 1
github.com/zhekagigs/golang_todo/middleware/middleware.go:46.8,48.3 1 0
github.com/zhekagigs/golang_todo/middleware/middleware.go:52.63,54.46 2 0
github.com/zhekagigs/golang_todo/middleware/middleware.go:54.46,56.3 1 0
github.com/zhekagigs/golang_todo/middleware/middleware.go:57.2,57.30 1 0
github.com/zhekagigs/golang_todo/middleware/middleware.go:60.61,61.54 1 1
github.com/zhekagigs/golang_todo/middleware/middleware.go:61.54,65.34 2 1
github.com/zhekagigs/golang_todo/middleware/middleware.go:65.34,70.4 3 0
github.com/zhekagigs/golang_todo/middleware/middleware.go:71.3,74.23 4 1
github.com/zhekagigs/golang_todo/middleware/middleware.go:78.72,80.2 1 1
github.com/zhekagigs/golang_todo/middleware/middleware.go:82.58,85.2 2 1
github.com/zhekagigs/golang_todo/users/users.go:24.52,30.39 3 1
github.com/zhekagigs/golang_todo/users/users.go:30.39,32.3 1 0
github.com/zhekagigs/golang_todo/users/users.go:33.2,33.19 1 1
github.com/zhekagigs/golang_todo/users/users.go:36.34,40.16 4 1
github.com/zhekagigs/golang_todo/users/users.go:40.16,42.3 1 0
github.com/zhekagigs/golang_todo/users/users.go:44.2,44.39 1 1
github.com/zhekagigs/golang_todo/users/users.go:47.34,50.16 2 0
github.com/zhekagigs/golang_todo/users/users.go:50.16,52.3 1 0
github.com/zhekagigs/golang_todo/users/users.go:54.2,54.41 1 0
github.com/zhekagigs/golang_todo/users/users.go:57.61,58.20 1 0
github.com/zhekagigs/golang_todo/users/users.go:58.20,60.3 1 0
github.com/zhekagigs/golang_todo/users/users.go:61.2,61.44 1 0
github.com/zhekagigs/golang_todo/users/users.go:61.44,63.3 1 0
github.com/zhekagigs/golang_todo/users/users.go:64.2,68.22 5 0
github.com/zhekagigs/golang_todo/users/users.go:71.59,74.2 2 1
github.com/zhekagigs/golang_todo/users/users.go:75.61,76.28 1 1
github.com/zhekagigs/golang_todo/users/users.go:76.28,77.34 1 1
github.com/zhekagigs/golang_todo/users/users.go:77.34,79.4 1 1
github.com/zhekagigs/golang_todo/users/users.go:81.2,81.22 1 0
