mode: set
github.com/zhekagigs/golang_todo/cli.go:22.50,25.6 2 0
github.com/zhekagigs/golang_todo/cli.go:25.6,32.22 6 0
github.com/zhekagigs/golang_todo/cli.go:32.22,34.12 2 0
github.com/zhekagigs/golang_todo/cli.go:36.3,39.57 3 0
github.com/zhekagigs/golang_todo/cli.go:39.57,41.18 2 0
github.com/zhekagigs/golang_todo/cli.go:41.18,43.13 2 0
github.com/zhekagigs/golang_todo/cli.go:47.3,47.14 1 0
github.com/zhekagigs/golang_todo/cli.go:48.13,49.25 1 0
github.com/zhekagigs/golang_todo/cli.go:50.15,51.40 1 0
github.com/zhekagigs/golang_todo/cli.go:52.15,53.48 1 0
github.com/zhekagigs/golang_todo/cli.go:54.15,55.40 1 0
github.com/zhekagigs/golang_todo/cli.go:56.13,57.13 1 0
github.com/zhekagigs/golang_todo/cli.go:58.11,59.53 1 0
github.com/zhekagigs/golang_todo/cli.go:61.3,61.17 1 0
github.com/zhekagigs/golang_todo/cli.go:61.17,63.12 2 0
github.com/zhekagigs/golang_todo/cli.go:69.16,70.24 1 0
github.com/zhekagigs/golang_todo/cli.go:73.59,75.16 2 1
github.com/zhekagigs/golang_todo/cli.go:75.16,77.3 1 1
github.com/zhekagigs/golang_todo/cli.go:78.2,78.12 1 1
github.com/zhekagigs/golang_todo/cli.go:81.81,94.61 9 1
github.com/zhekagigs/golang_todo/cli.go:94.61,98.64 4 1
github.com/zhekagigs/golang_todo/cli.go:98.64,101.4 2 1
github.com/zhekagigs/golang_todo/cli.go:101.9,103.4 1 0
github.com/zhekagigs/golang_todo/cli.go:107.2,111.63 5 1
github.com/zhekagigs/golang_todo/cli.go:111.63,119.132 8 1
github.com/zhekagigs/golang_todo/cli.go:119.132,122.4 2 1
github.com/zhekagigs/golang_todo/cli.go:122.9,124.4 1 0
github.com/zhekagigs/golang_todo/cli.go:128.2,132.66 5 1
github.com/zhekagigs/golang_todo/cli.go:132.66,135.94 3 1
github.com/zhekagigs/golang_todo/cli.go:135.94,138.4 2 1
github.com/zhekagigs/golang_todo/cli.go:138.9,140.4 1 0
github.com/zhekagigs/golang_todo/cli.go:143.2,151.16 3 1
github.com/zhekagigs/golang_todo/cli.go:151.16,154.3 2 0
github.com/zhekagigs/golang_todo/cli.go:154.8,156.3 1 1
github.com/zhekagigs/golang_todo/cli.go:157.2,157.12 1 1
github.com/zhekagigs/golang_todo/cli.go:160.69,172.16 10 1
github.com/zhekagigs/golang_todo/cli.go:172.16,174.3 1 0
github.com/zhekagigs/golang_todo/cli.go:176.2,181.16 5 1
github.com/zhekagigs/golang_todo/cli.go:181.16,183.3 1 0
github.com/zhekagigs/golang_todo/cli.go:184.2,187.16 4 1
github.com/zhekagigs/golang_todo/cli.go:187.16,189.3 1 1
github.com/zhekagigs/golang_todo/cli.go:190.2,191.12 2 1
github.com/zhekagigs/golang_todo/cli.go:194.40,196.25 2 1
github.com/zhekagigs/golang_todo/cli.go:196.25,199.3 2 1
github.com/zhekagigs/golang_todo/cli.go:201.2,202.37 2 1
github.com/zhekagigs/golang_todo/main.go:10.13,12.2 1 0
github.com/zhekagigs/golang_todo/main.go:16.21,18.15 2 0
github.com/zhekagigs/golang_todo/main.go:18.15,20.3 1 0
github.com/zhekagigs/golang_todo/main.go:23.2,25.10 2 0
github.com/zhekagigs/golang_todo/main.go:28.45,35.15 4 1
github.com/zhekagigs/golang_todo/main.go:35.15,38.3 2 1
github.com/zhekagigs/golang_todo/main.go:40.2,40.21 1 1
github.com/zhekagigs/golang_todo/main.go:40.21,44.3 3 1
github.com/zhekagigs/golang_todo/main.go:46.2,49.16 3 1
github.com/zhekagigs/golang_todo/main.go:49.16,50.10 1 1
github.com/zhekagigs/golang_todo/main.go:51.39,52.41 1 0
github.com/zhekagigs/golang_todo/main.go:53.11,54.58 1 1
github.com/zhekagigs/golang_todo/main.go:56.3,57.22 2 1
github.com/zhekagigs/golang_todo/main.go:59.2,64.34 6 1
github.com/zhekagigs/golang_todo/main.go:64.34,66.3 1 1
github.com/zhekagigs/golang_todo/main.go:67.2,67.29 1 1
github.com/zhekagigs/golang_todo/main.go:70.18,77.2 6 1
github.com/zhekagigs/golang_todo/task.go:26.47,28.2 1 0
github.com/zhekagigs/golang_todo/task.go:32.46,34.2 1 0
github.com/zhekagigs/golang_todo/task.go:40.47,42.2 1 0
github.com/zhekagigs/golang_todo/task.go:53.40,55.2 1 1
github.com/zhekagigs/golang_todo/task.go:66.84,75.2 1 1
github.com/zhekagigs/golang_todo/task.go:77.32,85.2 1 1
github.com/zhekagigs/golang_todo/task.go:87.47,88.29 1 1
github.com/zhekagigs/golang_todo/task.go:88.29,90.3 1 1
github.com/zhekagigs/golang_todo/task.go:93.56,94.43 1 1
github.com/zhekagigs/golang_todo/task.go:94.43,96.3 1 1
github.com/zhekagigs/golang_todo/task.go:98.2,99.16 2 1
github.com/zhekagigs/golang_todo/task.go:99.16,101.3 1 1
github.com/zhekagigs/golang_todo/task.go:103.2,104.16 2 1
github.com/zhekagigs/golang_todo/task.go:104.16,106.3 1 0
github.com/zhekagigs/golang_todo/task.go:107.2,107.12 1 1
github.com/zhekagigs/golang_todo/task.go:110.52,111.43 1 1
github.com/zhekagigs/golang_todo/task.go:111.43,113.3 1 1
github.com/zhekagigs/golang_todo/task.go:115.2,116.16 2 1
github.com/zhekagigs/golang_todo/task.go:116.16,118.3 1 1
github.com/zhekagigs/golang_todo/task.go:120.2,121.54 2 1
github.com/zhekagigs/golang_todo/task.go:121.54,123.3 1 0
github.com/zhekagigs/golang_todo/task.go:125.2,125.19 1 1
github.com/zhekagigs/golang_todo/taskHolder.go:20.34,22.2 1 1
github.com/zhekagigs/golang_todo/taskHolder.go:24.36,26.2 1 1
github.com/zhekagigs/golang_todo/taskHolder.go:28.37,30.26 2 1
github.com/zhekagigs/golang_todo/taskHolder.go:30.26,32.3 1 1
github.com/zhekagigs/golang_todo/taskHolder.go:33.2,33.33 1 1
github.com/zhekagigs/golang_todo/taskHolder.go:37.101,42.2 4 1
github.com/zhekagigs/golang_todo/taskHolder.go:44.62,45.25 1 1
github.com/zhekagigs/golang_todo/taskHolder.go:45.25,46.30 1 1
github.com/zhekagigs/golang_todo/taskHolder.go:46.30,48.4 1 1
github.com/zhekagigs/golang_todo/taskHolder.go:50.2,50.25 1 1
github.com/zhekagigs/golang_todo/taskHolder.go:53.77,55.16 2 1
github.com/zhekagigs/golang_todo/taskHolder.go:55.16,57.3 1 1
github.com/zhekagigs/golang_todo/taskHolder.go:59.2,59.24 1 1
github.com/zhekagigs/golang_todo/taskHolder.go:59.24,61.3 1 1
github.com/zhekagigs/golang_todo/taskHolder.go:63.2,63.23 1 1
github.com/zhekagigs/golang_todo/taskHolder.go:63.23,64.28 1 1
github.com/zhekagigs/golang_todo/taskHolder.go:64.28,66.4 1 1
github.com/zhekagigs/golang_todo/taskHolder.go:67.3,67.25 1 1
github.com/zhekagigs/golang_todo/taskHolder.go:70.2,70.28 1 1
github.com/zhekagigs/golang_todo/taskHolder.go:70.28,71.45 1 1
github.com/zhekagigs/golang_todo/taskHolder.go:71.45,73.4 1 1
github.com/zhekagigs/golang_todo/taskHolder.go:74.3,74.35 1 1
github.com/zhekagigs/golang_todo/taskHolder.go:77.2,77.29 1 1
github.com/zhekagigs/golang_todo/taskHolder.go:77.29,78.42 1 1
github.com/zhekagigs/golang_todo/taskHolder.go:78.42,80.4 1 1
github.com/zhekagigs/golang_todo/taskHolder.go:81.3,81.37 1 1
github.com/zhekagigs/golang_todo/taskHolder.go:84.2,84.12 1 1
github.com/zhekagigs/golang_todo/taskHolder.go:87.51,89.31 2 1
github.com/zhekagigs/golang_todo/taskHolder.go:89.31,90.24 1 1
github.com/zhekagigs/golang_todo/taskHolder.go:90.24,92.9 2 1
github.com/zhekagigs/golang_todo/taskHolder.go:96.2,96.17 1 1
github.com/zhekagigs/golang_todo/taskHolder.go:96.17,98.3 1 1
github.com/zhekagigs/golang_todo/taskHolder.go:100.2,102.12 2 1
github.com/zhekagigs/golang_todo/taskHolder.go:105.54,107.2 1 1
github.com/zhekagigs/golang_todo/utils.go:13.23,14.16 1 1
github.com/zhekagigs/golang_todo/utils.go:14.16,15.13 1 1
github.com/zhekagigs/golang_todo/utils.go:19.41,21.2 1 1
github.com/zhekagigs/golang_todo/utils.go:23.44,33.29 9 1
github.com/zhekagigs/golang_todo/utils.go:33.29,37.12 4 1
github.com/zhekagigs/golang_todo/utils.go:38.10,43.22 5 1
github.com/zhekagigs/golang_todo/utils.go:44.10,46.25 2 1
github.com/zhekagigs/golang_todo/utils.go:46.25,48.5 1 1
github.com/zhekagigs/golang_todo/utils.go:49.4,52.25 4 1
github.com/zhekagigs/golang_todo/utils.go:52.25,54.5 1 1
github.com/zhekagigs/golang_todo/utils.go:55.4,56.22 2 1
github.com/zhekagigs/golang_todo/utils.go:57.10,59.24 2 1
github.com/zhekagigs/golang_todo/utils.go:60.10,62.24 2 1
github.com/zhekagigs/golang_todo/utils.go:63.10,65.22 2 1
github.com/zhekagigs/golang_todo/utils.go:68.3,70.21 3 1
github.com/zhekagigs/golang_todo/utils.go:72.2,72.14 1 1
github.com/zhekagigs/golang_todo/utils.go:75.25,79.2 3 1
github.com/zhekagigs/golang_todo/utils.go:81.34,82.13 1 1
github.com/zhekagigs/golang_todo/utils.go:82.13,84.3 1 1
github.com/zhekagigs/golang_todo/utils.go:85.2,85.11 1 1
